# JRE version: OpenJDK Runtime Environment (17.0.6) (build 17.0.6+0-b2043.56-9586694)
# Java VM: OpenJDK 64-Bit Server VM (17.0.6+0-b2043.56-9586694, mixed mode, tiered, compressed oops, compressed class ptrs, g1 gc, windows-amd64)
GC Precious Log:
 CPUs: 4 total, 4 available
 Memory: 8084M
 Large Page Support: Disabled
 NUMA Support: Disabled
 Compressed Oops: Enabled (32-bit)
 Heap Region Size: 1M
 Heap Min Capacity: 8M
 Heap Initial Capacity: 128M
 Heap Max Capacity: 2G
 Pre-touch: Disabled
 Parallel Workers: 4
 Concurrent Workers: 1
 Concurrent Refinement Workers: 4
 Periodic GC: Disabled
Heap:
 garbage-first heap   total 285696K, used 207637K [0x0000000080000000, 0x0000000100000000)
  region size 1024K, 58 young (59392K), 7 survivors (7168K)
 Metaspace       used 109013K, committed 109760K, reserved 1146880K
  class space    used 14372K, committed 14720K, reserved 1048576K
GC Heap History (20 events):
Event: 25.851 GC heap before
{Heap before GC invocations=39 (full 0):
 garbage-first heap   total 216064K, used 164864K [0x0000000080000000, 0x0000000100000000)
  region size 1024K, 45 young (46080K), 11 survivors (11264K)
 Metaspace       used 97311K, committed 98048K, reserved 1138688K
  class space    used 13097K, committed 13440K, reserved 1048576K
}
Event: 25.866 GC heap after
{Heap after GC invocations=40 (full 0):
 garbage-first heap   total 216064K, used 134144K [0x0000000080000000, 0x0000000100000000)
  region size 1024K, 6 young (6144K), 6 survivors (6144K)
 Metaspace       used 97311K, committed 98048K, reserved 1138688K
  class space    used 13097K, committed 13440K, reserved 1048576K
}
Event: 26.044 GC heap before
{Heap before GC invocations=40 (full 0):
 garbage-first heap   total 216064K, used 166912K [0x0000000080000000, 0x0000000100000000)
  region size 1024K, 36 young (36864K), 6 survivors (6144K)
 Metaspace       used 97373K, committed 98112K, reserved 1138688K
  class space    used 13103K, committed 13440K, reserved 1048576K
}
Event: 26.051 GC heap after
{Heap after GC invocations=41 (full 0):
 garbage-first heap   total 216064K, used 138240K [0x0000000080000000, 0x0000000100000000)
  region size 1024K, 4 young (4096K), 4 survivors (4096K)
 Metaspace       used 97373K, committed 98112K, reserved 1138688K
  class space    used 13103K, committed 13440K, reserved 1048576K
}
Event: 26.227 GC heap before
{Heap before GC invocations=41 (full 0):
 garbage-first heap   total 216064K, used 168960K [0x0000000080000000, 0x0000000100000000)
  region size 1024K, 34 young (34816K), 4 survivors (4096K)
 Metaspace       used 97410K, committed 98112K, reserved 1138688K
  class space    used 13106K, committed 13440K, reserved 1048576K
}
Event: 26.230 GC heap after
{Heap after GC invocations=42 (full 0):
 garbage-first heap   total 216064K, used 141541K [0x0000000080000000, 0x0000000100000000)
  region size 1024K, 3 young (3072K), 3 survivors (3072K)
 Metaspace       used 97410K, committed 98112K, reserved 1138688K
  class space    used 13106K, committed 13440K, reserved 1048576K
}
Event: 26.613 GC heap before
{Heap before GC invocations=42 (full 0):
 garbage-first heap   total 216064K, used 165093K [0x0000000080000000, 0x0000000100000000)
  region size 1024K, 21 young (21504K), 3 survivors (3072K)
 Metaspace       used 97441K, committed 98112K, reserved 1138688K
  class space    used 13106K, committed 13440K, reserved 1048576K
}
Event: 26.624 GC heap after
{Heap after GC invocations=43 (full 0):
 garbage-first heap   total 260096K, used 156343K [0x0000000080000000, 0x0000000100000000)
  region size 1024K, 5 young (5120K), 5 survivors (5120K)
 Metaspace       used 97441K, committed 98112K, reserved 1138688K
  class space    used 13106K, committed 13440K, reserved 1048576K
}
Event: 26.647 GC heap before
{Heap before GC invocations=43 (full 0):
 garbage-first heap   total 260096K, used 173751K [0x0000000080000000, 0x0000000100000000)
  region size 1024K, 6 young (6144K), 5 survivors (5120K)
 Metaspace       used 97441K, committed 98112K, reserved 1138688K
  class space    used 13106K, committed 13440K, reserved 1048576K
}
Event: 26.653 GC heap after
{Heap after GC invocations=44 (full 0):
 garbage-first heap   total 260096K, used 159744K [0x0000000080000000, 0x0000000100000000)
  region size 1024K, 3 young (3072K), 3 survivors (3072K)
 Metaspace       used 97441K, committed 98112K, reserved 1138688K
  class space    used 13106K, committed 13440K, reserved 1048576K
}
Event: 27.307 GC heap before
{Heap before GC invocations=44 (full 0):
 garbage-first heap   total 260096K, used 211968K [0x0000000080000000, 0x0000000100000000)
  region size 1024K, 49 young (50176K), 3 survivors (3072K)
 Metaspace       used 100049K, committed 100800K, reserved 1138688K
  class space    used 13335K, committed 13696K, reserved 1048576K
}
Event: 27.316 GC heap after
{Heap after GC invocations=45 (full 0):
 garbage-first heap   total 260096K, used 160097K [0x0000000080000000, 0x0000000100000000)
  region size 1024K, 7 young (7168K), 7 survivors (7168K)
 Metaspace       used 100049K, committed 100800K, reserved 1138688K
  class space    used 13335K, committed 13696K, reserved 1048576K
}
Event: 27.736 GC heap before
{Heap before GC invocations=45 (full 0):
 garbage-first heap   total 260096K, used 207201K [0x0000000080000000, 0x0000000100000000)
  region size 1024K, 54 young (55296K), 7 survivors (7168K)
 Metaspace       used 102928K, committed 103680K, reserved 1146880K
  class space    used 13608K, committed 13952K, reserved 1048576K
}
Event: 27.749 GC heap after
{Heap after GC invocations=46 (full 0):
 garbage-first heap   total 260096K, used 167619K [0x0000000080000000, 0x0000000100000000)
  region size 1024K, 7 young (7168K), 7 survivors (7168K)
 Metaspace       used 102928K, committed 103680K, reserved 1146880K
  class space    used 13608K, committed 13952K, reserved 1048576K
}
Event: 28.764 GC heap before
{Heap before GC invocations=47 (full 0):
 garbage-first heap   total 285696K, used 203459K [0x0000000080000000, 0x0000000100000000)
  region size 1024K, 48 young (49152K), 7 survivors (7168K)
 Metaspace       used 105043K, committed 105792K, reserved 1146880K
  class space    used 13859K, committed 14208K, reserved 1048576K
}
Event: 28.769 GC heap after
{Heap after GC invocations=48 (full 0):
 garbage-first heap   total 285696K, used 159952K [0x0000000080000000, 0x0000000100000000)
  region size 1024K, 2 young (2048K), 2 survivors (2048K)
 Metaspace       used 105043K, committed 105792K, reserved 1146880K
  class space    used 13859K, committed 14208K, reserved 1048576K
}
Event: 28.978 GC heap before
{Heap before GC invocations=48 (full 0):
 garbage-first heap   total 285696K, used 170192K [0x0000000080000000, 0x0000000100000000)
  region size 1024K, 13 young (13312K), 2 survivors (2048K)
 Metaspace       used 106834K, committed 107584K, reserved 1146880K
  class space    used 14083K, committed 14464K, reserved 1048576K
}
Event: 28.984 GC heap after
{Heap after GC invocations=49 (full 0):
 garbage-first heap   total 285696K, used 151699K [0x0000000080000000, 0x0000000100000000)
  region size 1024K, 1 young (1024K), 1 survivors (1024K)
 Metaspace       used 106834K, committed 107584K, reserved 1146880K
  class space    used 14083K, committed 14464K, reserved 1048576K
}
Event: 30.141 GC heap before
{Heap before GC invocations=49 (full 0):
 garbage-first heap   total 285696K, used 229523K [0x0000000080000000, 0x0000000100000000)
  region size 1024K, 78 young (79872K), 1 survivors (1024K)
 Metaspace       used 108888K, committed 109632K, reserved 1146880K
  class space    used 14359K, committed 14720K, reserved 1048576K
}
Event: 30.149 GC heap after
{Heap after GC invocations=50 (full 0):
 garbage-first heap   total 285696K, used 157461K [0x0000000080000000, 0x0000000100000000)
  region size 1024K, 7 young (7168K), 7 survivors (7168K)
 Metaspace       used 108888K, committed 109632K, reserved 1146880K
  class space    used 14359K, committed 14720K, reserved 1048576K
}

