# JRE version: OpenJDK Runtime Environment (17.0.6) (build 17.0.6+0-b2043.56-9586694)
# Java VM: OpenJDK 64-Bit Server VM (17.0.6+0-b2043.56-9586694, mixed mode, tiered, compressed oops, compressed class ptrs, g1 gc, windows-amd64)
GC Precious Log:
 CPUs: 4 total, 4 available
 Memory: 8084M
 Large Page Support: Disabled
 NUMA Support: Disabled
 Compressed Oops: Enabled (32-bit)
 Heap Region Size: 1M
 Heap Min Capacity: 8M
 Heap Initial Capacity: 128M
 Heap Max Capacity: 2G
 Pre-touch: Disabled
 Parallel Workers: 4
 Concurrent Workers: 1
 Concurrent Refinement Workers: 4
 Periodic GC: Disabled
Heap:
 garbage-first heap   total 442368K, used 312755K [0x0000000080000000, 0x0000000100000000)
  region size 1024K, 9 young (9216K), 9 survivors (9216K)
 Metaspace       used 164794K, committed 166080K, reserved 1196032K
  class space    used 21629K, committed 22208K, reserved 1048576K
GC Heap History (20 events):
Event: 1471.332 GC heap after
{Heap after GC invocations=63 (full 0):
 garbage-first heap   total 384000K, used 229163K [0x0000000080000000, 0x0000000100000000)
  region size 1024K, 1 young (1024K), 1 survivors (1024K)
 Metaspace       used 150130K, committed 151232K, reserved 1187840K
  class space    used 19835K, committed 20352K, reserved 1048576K
}
Event: 1474.365 GC heap before
{Heap before GC invocations=63 (full 0):
 garbage-first heap   total 384000K, used 297771K [0x0000000080000000, 0x0000000100000000)
  region size 1024K, 69 young (70656K), 1 survivors (1024K)
 Metaspace       used 157200K, committed 158336K, reserved 1187840K
  class space    used 20744K, committed 21312K, reserved 1048576K
}
Event: 1474.375 GC heap after
{Heap after GC invocations=64 (full 0):
 garbage-first heap   total 384000K, used 237190K [0x0000000080000000, 0x0000000100000000)
  region size 1024K, 9 young (9216K), 9 survivors (9216K)
 Metaspace       used 157200K, committed 158336K, reserved 1187840K
  class space    used 20744K, committed 21312K, reserved 1048576K
}
Event: 1476.024 GC heap before
{Heap before GC invocations=65 (full 0):
 garbage-first heap   total 406528K, used 302726K [0x0000000080000000, 0x0000000100000000)
  region size 1024K, 74 young (75776K), 9 survivors (9216K)
 Metaspace       used 158852K, committed 160000K, reserved 1187840K
  class space    used 20958K, committed 21504K, reserved 1048576K
}
Event: 1476.039 GC heap after
{Heap after GC invocations=66 (full 0):
 garbage-first heap   total 406528K, used 240992K [0x0000000080000000, 0x0000000100000000)
  region size 1024K, 4 young (4096K), 4 survivors (4096K)
 Metaspace       used 158852K, committed 160000K, reserved 1187840K
  class space    used 20958K, committed 21504K, reserved 1048576K
}
Event: 1476.381 GC heap before
{Heap before GC invocations=66 (full 0):
 garbage-first heap   total 406528K, used 255328K [0x0000000080000000, 0x0000000100000000)
  region size 1024K, 19 young (19456K), 4 survivors (4096K)
 Metaspace       used 161018K, committed 162304K, reserved 1196032K
  class space    used 21232K, committed 21824K, reserved 1048576K
}
Event: 1476.393 GC heap after
{Heap after GC invocations=67 (full 0):
 garbage-first heap   total 406528K, used 239616K [0x0000000080000000, 0x0000000100000000)
  region size 1024K, 2 young (2048K), 2 survivors (2048K)
 Metaspace       used 161018K, committed 162304K, reserved 1196032K
  class space    used 21232K, committed 21824K, reserved 1048576K
}
Event: 1696.456 GC heap before
{Heap before GC invocations=67 (full 0):
 garbage-first heap   total 406528K, used 320512K [0x0000000080000000, 0x0000000100000000)
  region size 1024K, 82 young (83968K), 2 survivors (2048K)
 Metaspace       used 161992K, committed 163200K, reserved 1196032K
  class space    used 21361K, committed 21952K, reserved 1048576K
}
Event: 1696.469 GC heap after
{Heap after GC invocations=68 (full 0):
 garbage-first heap   total 406528K, used 249796K [0x0000000080000000, 0x0000000100000000)
  region size 1024K, 11 young (11264K), 11 survivors (11264K)
 Metaspace       used 161992K, committed 163200K, reserved 1196032K
  class space    used 21361K, committed 21952K, reserved 1048576K
}
Event: 1697.925 GC heap before
{Heap before GC invocations=69 (full 0):
 garbage-first heap   total 427008K, used 327620K [0x0000000080000000, 0x0000000100000000)
  region size 1024K, 85 young (87040K), 11 survivors (11264K)
 Metaspace       used 162754K, committed 164032K, reserved 1196032K
  class space    used 21423K, committed 22016K, reserved 1048576K
}
Event: 1697.948 GC heap after
{Heap after GC invocations=70 (full 0):
 garbage-first heap   total 427008K, used 254272K [0x0000000080000000, 0x0000000100000000)
  region size 1024K, 4 young (4096K), 4 survivors (4096K)
 Metaspace       used 162754K, committed 164032K, reserved 1196032K
  class space    used 21423K, committed 22016K, reserved 1048576K
}
Event: 1698.199 GC heap before
{Heap before GC invocations=70 (full 0):
 garbage-first heap   total 427008K, used 269632K [0x0000000080000000, 0x0000000100000000)
  region size 1024K, 20 young (20480K), 4 survivors (4096K)
 Metaspace       used 163206K, committed 164480K, reserved 1196032K
  class space    used 21470K, committed 22080K, reserved 1048576K
}
Event: 1698.211 GC heap after
{Heap after GC invocations=71 (full 0):
 garbage-first heap   total 427008K, used 249439K [0x0000000080000000, 0x0000000100000000)
  region size 1024K, 3 young (3072K), 3 survivors (3072K)
 Metaspace       used 163206K, committed 164480K, reserved 1196032K
  class space    used 21470K, committed 22080K, reserved 1048576K
}
Event: 1699.630 GC heap before
{Heap before GC invocations=71 (full 0):
 garbage-first heap   total 427008K, used 340575K [0x0000000080000000, 0x0000000100000000)
  region size 1024K, 93 young (95232K), 3 survivors (3072K)
 Metaspace       used 164567K, committed 165888K, reserved 1196032K
  class space    used 21597K, committed 22208K, reserved 1048576K
}
Event: 1699.640 GC heap after
{Heap after GC invocations=72 (full 0):
 garbage-first heap   total 427008K, used 256505K [0x0000000080000000, 0x0000000100000000)
  region size 1024K, 10 young (10240K), 10 survivors (10240K)
 Metaspace       used 164567K, committed 165888K, reserved 1196032K
  class space    used 21597K, committed 22208K, reserved 1048576K
}
Event: 1701.019 GC heap before
{Heap before GC invocations=73 (full 0):
 garbage-first heap   total 442368K, used 391673K [0x0000000080000000, 0x0000000100000000)
  region size 1024K, 98 young (100352K), 10 survivors (10240K)
 Metaspace       used 164752K, committed 166016K, reserved 1196032K
  class space    used 21619K, committed 22208K, reserved 1048576K
}
Event: 1701.035 GC heap after
{Heap after GC invocations=74 (full 0):
 garbage-first heap   total 442368K, used 305497K [0x0000000080000000, 0x0000000100000000)
  region size 1024K, 13 young (13312K), 13 survivors (13312K)
 Metaspace       used 164752K, committed 166016K, reserved 1196032K
  class space    used 21619K, committed 22208K, reserved 1048576K
}
Event: 1701.049 GC heap before
{Heap before GC invocations=74 (full 0):
 garbage-first heap   total 442368K, used 313689K [0x0000000080000000, 0x0000000100000000)
  region size 1024K, 21 young (21504K), 13 survivors (13312K)
 Metaspace       used 164754K, committed 166016K, reserved 1196032K
  class space    used 21619K, committed 22208K, reserved 1048576K
}
Event: 1701.062 GC heap after
{Heap after GC invocations=75 (full 0):
 garbage-first heap   total 442368K, used 302407K [0x0000000080000000, 0x0000000100000000)
  region size 1024K, 3 young (3072K), 3 survivors (3072K)
 Metaspace       used 164754K, committed 166016K, reserved 1196032K
  class space    used 21619K, committed 22208K, reserved 1048576K
}
Event: 1701.361 GC heap before
{Heap before GC invocations=75 (full 0):
 garbage-first heap   total 442368K, used 339271K [0x0000000080000000, 0x0000000100000000)
  region size 1024K, 41 young (41984K), 3 survivors (3072K)
 Metaspace       used 164794K, committed 166080K, reserved 1196032K
  class space    used 21629K, committed 22208K, reserved 1048576K
}

