# JRE version: OpenJDK Runtime Environment (17.0.6) (build 17.0.6+0-b2043.56-9586694)
# Java VM: OpenJDK 64-Bit Server VM (17.0.6+0-b2043.56-9586694, mixed mode, tiered, compressed oops, compressed class ptrs, g1 gc, windows-amd64)
GC Precious Log:
 CPUs: 4 total, 4 available
 Memory: 8084M
 Large Page Support: Disabled
 NUMA Support: Disabled
 Compressed Oops: Enabled (32-bit)
 Heap Region Size: 1M
 Heap Min Capacity: 8M
 Heap Initial Capacity: 128M
 Heap Max Capacity: 2G
 Pre-touch: Disabled
 Parallel Workers: 4
 Concurrent Workers: 1
 Concurrent Refinement Workers: 4
 Periodic GC: Disabled
Heap:
 garbage-first heap   total 153600K, used 88780K [0x0000000080000000, 0x0000000100000000)
  region size 1024K, 3 young (3072K), 3 survivors (3072K)
 Metaspace       used 88604K, committed 89280K, reserved 1130496K
  class space    used 11994K, committed 12288K, reserved 1048576K
GC Heap History (20 events):
Event: 13.439 GC heap after
{Heap after GC invocations=34 (full 0):
 garbage-first heap   total 128000K, used 55635K [0x0000000080000000, 0x0000000100000000)
  region size 1024K, 6 young (6144K), 6 survivors (6144K)
 Metaspace       used 68837K, committed 69376K, reserved 1114112K
  class space    used 9048K, committed 9280K, reserved 1048576K
}
Event: 13.844 GC heap before
{Heap before GC invocations=34 (full 0):
 garbage-first heap   total 128000K, used 94547K [0x0000000080000000, 0x0000000100000000)
  region size 1024K, 44 young (45056K), 6 survivors (6144K)
 Metaspace       used 71659K, committed 72192K, reserved 1114112K
  class space    used 9483K, committed 9728K, reserved 1048576K
}
Event: 13.850 GC heap after
{Heap after GC invocations=35 (full 0):
 garbage-first heap   total 128000K, used 58751K [0x0000000080000000, 0x0000000100000000)
  region size 1024K, 6 young (6144K), 6 survivors (6144K)
 Metaspace       used 71659K, committed 72192K, reserved 1114112K
  class space    used 9483K, committed 9728K, reserved 1048576K
}
Event: 14.355 GC heap before
{Heap before GC invocations=35 (full 0):
 garbage-first heap   total 128000K, used 96639K [0x0000000080000000, 0x0000000100000000)
  region size 1024K, 43 young (44032K), 6 survivors (6144K)
 Metaspace       used 75075K, committed 75648K, reserved 1122304K
  class space    used 10095K, committed 10368K, reserved 1048576K
}
Event: 14.361 GC heap after
{Heap after GC invocations=36 (full 0):
 garbage-first heap   total 128000K, used 61323K [0x0000000080000000, 0x0000000100000000)
  region size 1024K, 6 young (6144K), 6 survivors (6144K)
 Metaspace       used 75075K, committed 75648K, reserved 1122304K
  class space    used 10095K, committed 10368K, reserved 1048576K
}
Event: 15.089 GC heap before
{Heap before GC invocations=36 (full 0):
 garbage-first heap   total 128000K, used 99211K [0x0000000080000000, 0x0000000100000000)
  region size 1024K, 43 young (44032K), 6 survivors (6144K)
 Metaspace       used 77013K, committed 77568K, reserved 1122304K
  class space    used 10387K, committed 10624K, reserved 1048576K
}
Event: 15.097 GC heap after
{Heap after GC invocations=37 (full 0):
 garbage-first heap   total 128000K, used 64511K [0x0000000080000000, 0x0000000100000000)
  region size 1024K, 6 young (6144K), 6 survivors (6144K)
 Metaspace       used 77013K, committed 77568K, reserved 1122304K
  class space    used 10387K, committed 10624K, reserved 1048576K
}
Event: 15.606 GC heap before
{Heap before GC invocations=37 (full 0):
 garbage-first heap   total 128000K, used 100351K [0x0000000080000000, 0x0000000100000000)
  region size 1024K, 41 young (41984K), 6 survivors (6144K)
 Metaspace       used 80820K, committed 81536K, reserved 1122304K
  class space    used 10992K, committed 11328K, reserved 1048576K
}
Event: 15.614 GC heap after
{Heap after GC invocations=38 (full 0):
 garbage-first heap   total 153600K, used 67480K [0x0000000080000000, 0x0000000100000000)
  region size 1024K, 3 young (3072K), 3 survivors (3072K)
 Metaspace       used 80820K, committed 81536K, reserved 1122304K
  class space    used 10992K, committed 11328K, reserved 1048576K
}
Event: 16.364 GC heap before
{Heap before GC invocations=39 (full 0):
 garbage-first heap   total 153600K, used 119704K [0x0000000080000000, 0x0000000100000000)
  region size 1024K, 54 young (55296K), 3 survivors (3072K)
 Metaspace       used 84062K, committed 84672K, reserved 1122304K
  class space    used 11410K, committed 11648K, reserved 1048576K
}
Event: 16.372 GC heap after
{Heap after GC invocations=40 (full 0):
 garbage-first heap   total 153600K, used 73634K [0x0000000080000000, 0x0000000100000000)
  region size 1024K, 7 young (7168K), 7 survivors (7168K)
 Metaspace       used 84062K, committed 84672K, reserved 1122304K
  class space    used 11410K, committed 11648K, reserved 1048576K
}
Event: 16.378 GC heap before
{Heap before GC invocations=40 (full 0):
 garbage-first heap   total 153600K, used 74658K [0x0000000080000000, 0x0000000100000000)
  region size 1024K, 8 young (8192K), 7 survivors (7168K)
 Metaspace       used 84063K, committed 84672K, reserved 1122304K
  class space    used 11410K, committed 11648K, reserved 1048576K
}
Event: 16.386 GC heap after
{Heap after GC invocations=41 (full 0):
 garbage-first heap   total 153600K, used 74660K [0x0000000080000000, 0x0000000100000000)
  region size 1024K, 1 young (1024K), 1 survivors (1024K)
 Metaspace       used 84063K, committed 84672K, reserved 1122304K
  class space    used 11410K, committed 11648K, reserved 1048576K
}
Event: 16.963 GC heap before
{Heap before GC invocations=41 (full 0):
 garbage-first heap   total 153600K, used 120740K [0x0000000080000000, 0x0000000100000000)
  region size 1024K, 47 young (48128K), 1 survivors (1024K)
 Metaspace       used 87236K, committed 87872K, reserved 1130496K
  class space    used 11829K, committed 12096K, reserved 1048576K
}
Event: 16.971 GC heap after
{Heap after GC invocations=42 (full 0):
 garbage-first heap   total 153600K, used 82229K [0x0000000080000000, 0x0000000100000000)
  region size 1024K, 6 young (6144K), 6 survivors (6144K)
 Metaspace       used 87236K, committed 87872K, reserved 1130496K
  class space    used 11829K, committed 12096K, reserved 1048576K
}
Event: 17.801 GC heap before
{Heap before GC invocations=43 (full 0):
 garbage-first heap   total 153600K, used 121141K [0x0000000080000000, 0x0000000100000000)
  region size 1024K, 45 young (46080K), 6 survivors (6144K)
 Metaspace       used 88166K, committed 88768K, reserved 1130496K
  class space    used 11971K, committed 12224K, reserved 1048576K
}
Event: 17.810 GC heap after
{Heap after GC invocations=44 (full 0):
 garbage-first heap   total 153600K, used 86572K [0x0000000080000000, 0x0000000100000000)
  region size 1024K, 4 young (4096K), 4 survivors (4096K)
 Metaspace       used 88166K, committed 88768K, reserved 1130496K
  class space    used 11971K, committed 12224K, reserved 1048576K
}
Event: 17.847 GC heap before
{Heap before GC invocations=44 (full 0):
 garbage-first heap   total 153600K, used 89644K [0x0000000080000000, 0x0000000100000000)
  region size 1024K, 7 young (7168K), 4 survivors (4096K)
 Metaspace       used 88199K, committed 88768K, reserved 1130496K
  class space    used 11971K, committed 12224K, reserved 1048576K
}
Event: 17.851 GC heap after
{Heap after GC invocations=45 (full 0):
 garbage-first heap   total 153600K, used 86771K [0x0000000080000000, 0x0000000100000000)
  region size 1024K, 1 young (1024K), 1 survivors (1024K)
 Metaspace       used 88199K, committed 88768K, reserved 1130496K
  class space    used 11971K, committed 12224K, reserved 1048576K
}
Event: 18.307 GC heap before
{Heap before GC invocations=45 (full 0):
 garbage-first heap   total 153600K, used 123635K [0x0000000080000000, 0x0000000100000000)
  region size 1024K, 38 young (38912K), 1 survivors (1024K)
 Metaspace       used 88604K, committed 89280K, reserved 1130496K
  class space    used 11994K, committed 12288K, reserved 1048576K
}

