# JRE version: OpenJDK Runtime Environment (17.0.6) (build 17.0.6+0-b2043.56-9586694)
# Java VM: OpenJDK 64-Bit Server VM (17.0.6+0-b2043.56-9586694, mixed mode, tiered, compressed oops, compressed class ptrs, g1 gc, windows-amd64)
GC Precious Log:
 CPUs: 4 total, 4 available
 Memory: 8084M
 Large Page Support: Disabled
 NUMA Support: Disabled
 Compressed Oops: Enabled (32-bit)
 Heap Region Size: 1M
 Heap Min Capacity: 8M
 Heap Initial Capacity: 128M
 Heap Max Capacity: 2G
 Pre-touch: Disabled
 Parallel Workers: 4
 Concurrent Workers: 1
 Concurrent Refinement Workers: 4
 Periodic GC: Disabled
Heap:
 garbage-first heap   total 436224K, used 151110K [0x0000000080000000, 0x0000000100000000)
  region size 1024K, 2 young (2048K), 2 survivors (2048K)
 Metaspace       used 141486K, committed 142656K, reserved 1179648K
  class space    used 18485K, committed 19008K, reserved 1048576K
GC Heap History (20 events):
Event: 1524.079 GC heap after
{Heap after GC invocations=63 (full 0):
 garbage-first heap   total 436224K, used 180224K [0x0000000080000000, 0x0000000100000000)
  region size 1024K, 2 young (2048K), 2 survivors (2048K)
 Metaspace       used 125402K, committed 126400K, reserved 1163264K
  class space    used 16665K, committed 17152K, reserved 1048576K
}
Event: 1527.856 GC heap before
{Heap before GC invocations=63 (full 0):
 garbage-first heap   total 436224K, used 262144K [0x0000000080000000, 0x0000000100000000)
  region size 1024K, 84 young (86016K), 2 survivors (2048K)
 Metaspace       used 125519K, committed 126464K, reserved 1163264K
  class space    used 16668K, committed 17152K, reserved 1048576K
}
Event: 1527.865 GC heap after
{Heap after GC invocations=64 (full 0):
 garbage-first heap   total 436224K, used 185344K [0x0000000080000000, 0x0000000100000000)
  region size 1024K, 7 young (7168K), 7 survivors (7168K)
 Metaspace       used 125519K, committed 126464K, reserved 1163264K
  class space    used 16668K, committed 17152K, reserved 1048576K
}
Event: 2715.960 GC heap before
{Heap before GC invocations=65 (full 0):
 garbage-first heap   total 436224K, used 365568K [0x0000000080000000, 0x0000000100000000)
  region size 1024K, 146 young (149504K), 7 survivors (7168K)
 Metaspace       used 126000K, committed 126976K, reserved 1163264K
  class space    used 16683K, committed 17152K, reserved 1048576K
}
Event: 2716.009 GC heap after
{Heap after GC invocations=66 (full 0):
 garbage-first heap   total 436224K, used 149800K [0x0000000080000000, 0x0000000100000000)
  region size 1024K, 9 young (9216K), 9 survivors (9216K)
 Metaspace       used 126000K, committed 126976K, reserved 1163264K
  class space    used 16683K, committed 17152K, reserved 1048576K
}
Event: 2716.245 GC heap before
{Heap before GC invocations=66 (full 0):
 garbage-first heap   total 436224K, used 161064K [0x0000000080000000, 0x0000000100000000)
  region size 1024K, 21 young (21504K), 9 survivors (9216K)
 Metaspace       used 126007K, committed 127040K, reserved 1163264K
  class space    used 16683K, committed 17152K, reserved 1048576K
}
Event: 2716.283 GC heap after
{Heap after GC invocations=67 (full 0):
 garbage-first heap   total 436224K, used 130709K [0x0000000080000000, 0x0000000100000000)
  region size 1024K, 2 young (2048K), 2 survivors (2048K)
 Metaspace       used 126007K, committed 127040K, reserved 1163264K
  class space    used 16683K, committed 17152K, reserved 1048576K
}
Event: 2716.348 GC heap before
{Heap before GC invocations=67 (full 0):
 garbage-first heap   total 436224K, used 131733K [0x0000000080000000, 0x0000000100000000)
  region size 1024K, 5 young (5120K), 2 survivors (2048K)
 Metaspace       used 126016K, committed 127040K, reserved 1163264K
  class space    used 16683K, committed 17152K, reserved 1048576K
}
Event: 2716.354 GC heap after
{Heap after GC invocations=68 (full 0):
 garbage-first heap   total 436224K, used 130400K [0x0000000080000000, 0x0000000100000000)
  region size 1024K, 2 young (2048K), 2 survivors (2048K)
 Metaspace       used 126016K, committed 127040K, reserved 1163264K
  class space    used 16683K, committed 17152K, reserved 1048576K
}
Event: 2719.942 GC heap before
{Heap before GC invocations=69 (full 0):
 garbage-first heap   total 436224K, used 372064K [0x0000000080000000, 0x0000000100000000)
  region size 1024K, 200 young (204800K), 2 survivors (2048K)
 Metaspace       used 126776K, committed 127680K, reserved 1163264K
  class space    used 16718K, committed 17152K, reserved 1048576K
}
Event: 2719.956 GC heap after
{Heap after GC invocations=70 (full 0):
 garbage-first heap   total 436224K, used 134805K [0x0000000080000000, 0x0000000100000000)
  region size 1024K, 8 young (8192K), 8 survivors (8192K)
 Metaspace       used 126776K, committed 127680K, reserved 1163264K
  class space    used 16718K, committed 17152K, reserved 1048576K
}
Event: 2720.101 GC heap before
{Heap before GC invocations=70 (full 0):
 garbage-first heap   total 436224K, used 148117K [0x0000000080000000, 0x0000000100000000)
  region size 1024K, 21 young (21504K), 8 survivors (8192K)
 Metaspace       used 126791K, committed 127744K, reserved 1163264K
  class space    used 16718K, committed 17152K, reserved 1048576K
}
Event: 2720.119 GC heap after
{Heap after GC invocations=71 (full 0):
 garbage-first heap   total 436224K, used 119204K [0x0000000080000000, 0x0000000100000000)
  region size 1024K, 2 young (2048K), 2 survivors (2048K)
 Metaspace       used 126791K, committed 127744K, reserved 1163264K
  class space    used 16718K, committed 17152K, reserved 1048576K
}
Event: 2731.843 GC heap before
{Heap before GC invocations=71 (full 0):
 garbage-first heap   total 436224K, used 339364K [0x0000000080000000, 0x0000000100000000)
  region size 1024K, 218 young (223232K), 2 survivors (2048K)
 Metaspace       used 137918K, committed 138944K, reserved 1171456K
  class space    used 18044K, committed 18496K, reserved 1048576K
}
Event: 2731.866 GC heap after
{Heap after GC invocations=72 (full 0):
 garbage-first heap   total 436224K, used 131026K [0x0000000080000000, 0x0000000100000000)
  region size 1024K, 14 young (14336K), 14 survivors (14336K)
 Metaspace       used 137918K, committed 138944K, reserved 1171456K
  class space    used 18044K, committed 18496K, reserved 1048576K
}
Event: 2744.623 GC heap before
{Heap before GC invocations=73 (full 0):
 garbage-first heap   total 436224K, used 344018K [0x0000000080000000, 0x0000000100000000)
  region size 1024K, 221 young (226304K), 14 survivors (14336K)
 Metaspace       used 141333K, committed 142528K, reserved 1179648K
  class space    used 18457K, committed 19008K, reserved 1048576K
}
Event: 2744.659 GC heap after
{Heap after GC invocations=74 (full 0):
 garbage-first heap   total 436224K, used 153067K [0x0000000080000000, 0x0000000100000000)
  region size 1024K, 28 young (28672K), 28 survivors (28672K)
 Metaspace       used 141333K, committed 142528K, reserved 1179648K
  class space    used 18457K, committed 19008K, reserved 1048576K
}
Event: 2744.668 GC heap before
{Heap before GC invocations=74 (full 0):
 garbage-first heap   total 436224K, used 154091K [0x0000000080000000, 0x0000000100000000)
  region size 1024K, 29 young (29696K), 28 survivors (28672K)
 Metaspace       used 141333K, committed 142528K, reserved 1179648K
  class space    used 18457K, committed 19008K, reserved 1048576K
}
Event: 2744.699 GC heap after
{Heap after GC invocations=75 (full 0):
 garbage-first heap   total 436224K, used 151110K [0x0000000080000000, 0x0000000100000000)
  region size 1024K, 2 young (2048K), 2 survivors (2048K)
 Metaspace       used 141333K, committed 142528K, reserved 1179648K
  class space    used 18457K, committed 19008K, reserved 1048576K
}
Event: 2745.045 GC heap before
{Heap before GC invocations=75 (full 0):
 garbage-first heap   total 436224K, used 169542K [0x0000000080000000, 0x0000000100000000)
  region size 1024K, 22 young (22528K), 2 survivors (2048K)
 Metaspace       used 141486K, committed 142656K, reserved 1179648K
  class space    used 18485K, committed 19008K, reserved 1048576K
}

